<?xml version="1.0" encoding="UTF-8"?>
<testsuite xmlns:xsi="http://www.w3.org/2001/XMLSchema-instance" xsi:noNamespaceSchemaLocation="https://maven.apache.org/surefire/maven-surefire-plugin/xsd/surefire-test-report.xsd" name="ConstructorTests" time="11.366" tests="3" errors="0" skipped="0" failures="0">
  <properties>
[...]
</properties>
  <testcase name="transitionFillingTest" classname="ConstructorTests" time="3.564"/>
  <testcase name="transitionSauceTest" classname="ConstructorTests" time="4.221"/>
  <testcase name="transitionBunTest" classname="ConstructorTests" time="3.578"/>
</testsuite>